2023-12-02_14-30-08: config: {'n_epochs': 10, 'batch_size': 32, 'h': 224, 'w': 224, 'lr': 0.001, 'optimizer': 'adam', 'momentum': 0.9, 'device': 'cuda', 'n_gpus': 2, 'kernel_size': 3, 'flatten': False, 'model': 'resnet', 'num_blocks_list': [2, 2, 2, 2], 'is_batchnorm': True}
2023-12-02_14-30-08: conv1.0.weight: torch.Size([64, 3, 3, 3])
2023-12-02_14-30-08: conv1.1.weight: torch.Size([64])
2023-12-02_14-30-08: conv1.1.bias: torch.Size([64])
2023-12-02_14-30-08: conv2_x.0.sequence.0.weight: torch.Size([64, 64, 3, 3])
2023-12-02_14-30-08: conv2_x.0.sequence.1.weight: torch.Size([64])
2023-12-02_14-30-08: conv2_x.0.sequence.1.bias: torch.Size([64])
2023-12-02_14-30-08: conv2_x.0.sequence.3.weight: torch.Size([64, 64, 3, 3])
2023-12-02_14-30-08: conv2_x.0.sequence.4.weight: torch.Size([64])
2023-12-02_14-30-08: conv2_x.0.sequence.4.bias: torch.Size([64])
2023-12-02_14-30-08: conv2_x.1.sequence.0.weight: torch.Size([64, 64, 3, 3])
2023-12-02_14-30-08: conv2_x.1.sequence.1.weight: torch.Size([64])
2023-12-02_14-30-08: conv2_x.1.sequence.1.bias: torch.Size([64])
2023-12-02_14-30-08: conv2_x.1.sequence.3.weight: torch.Size([64, 64, 3, 3])
2023-12-02_14-30-08: conv2_x.1.sequence.4.weight: torch.Size([64])
2023-12-02_14-30-08: conv2_x.1.sequence.4.bias: torch.Size([64])
2023-12-02_14-30-08: conv3_x.0.sequence.0.weight: torch.Size([128, 64, 3, 3])
2023-12-02_14-30-08: conv3_x.0.sequence.1.weight: torch.Size([128])
2023-12-02_14-30-08: conv3_x.0.sequence.1.bias: torch.Size([128])
2023-12-02_14-30-08: conv3_x.0.sequence.3.weight: torch.Size([128, 128, 3, 3])
2023-12-02_14-30-08: conv3_x.0.sequence.4.weight: torch.Size([128])
2023-12-02_14-30-08: conv3_x.0.sequence.4.bias: torch.Size([128])
2023-12-02_14-30-08: conv3_x.0.shortcut.0.weight: torch.Size([128, 64, 1, 1])
2023-12-02_14-30-08: conv3_x.0.shortcut.1.weight: torch.Size([128])
2023-12-02_14-30-08: conv3_x.0.shortcut.1.bias: torch.Size([128])
2023-12-02_14-30-08: conv3_x.1.sequence.0.weight: torch.Size([128, 128, 3, 3])
2023-12-02_14-30-08: conv3_x.1.sequence.1.weight: torch.Size([128])
2023-12-02_14-30-08: conv3_x.1.sequence.1.bias: torch.Size([128])
2023-12-02_14-30-08: conv3_x.1.sequence.3.weight: torch.Size([128, 128, 3, 3])
2023-12-02_14-30-08: conv3_x.1.sequence.4.weight: torch.Size([128])
2023-12-02_14-30-08: conv3_x.1.sequence.4.bias: torch.Size([128])
2023-12-02_14-30-08: conv4_x.0.sequence.0.weight: torch.Size([256, 128, 3, 3])
2023-12-02_14-30-08: conv4_x.0.sequence.1.weight: torch.Size([256])
2023-12-02_14-30-08: conv4_x.0.sequence.1.bias: torch.Size([256])
2023-12-02_14-30-08: conv4_x.0.sequence.3.weight: torch.Size([256, 256, 3, 3])
2023-12-02_14-30-08: conv4_x.0.sequence.4.weight: torch.Size([256])
2023-12-02_14-30-08: conv4_x.0.sequence.4.bias: torch.Size([256])
2023-12-02_14-30-08: conv4_x.0.shortcut.0.weight: torch.Size([256, 128, 1, 1])
2023-12-02_14-30-08: conv4_x.0.shortcut.1.weight: torch.Size([256])
2023-12-02_14-30-08: conv4_x.0.shortcut.1.bias: torch.Size([256])
2023-12-02_14-30-08: conv4_x.1.sequence.0.weight: torch.Size([256, 256, 3, 3])
2023-12-02_14-30-08: conv4_x.1.sequence.1.weight: torch.Size([256])
2023-12-02_14-30-08: conv4_x.1.sequence.1.bias: torch.Size([256])
2023-12-02_14-30-08: conv4_x.1.sequence.3.weight: torch.Size([256, 256, 3, 3])
2023-12-02_14-30-08: conv4_x.1.sequence.4.weight: torch.Size([256])
2023-12-02_14-30-08: conv4_x.1.sequence.4.bias: torch.Size([256])
2023-12-02_14-30-08: conv5_x.0.sequence.0.weight: torch.Size([512, 256, 3, 3])
2023-12-02_14-30-08: conv5_x.0.sequence.1.weight: torch.Size([512])
2023-12-02_14-30-08: conv5_x.0.sequence.1.bias: torch.Size([512])
2023-12-02_14-30-08: conv5_x.0.sequence.3.weight: torch.Size([512, 512, 3, 3])
2023-12-02_14-30-08: conv5_x.0.sequence.4.weight: torch.Size([512])
2023-12-02_14-30-08: conv5_x.0.sequence.4.bias: torch.Size([512])
2023-12-02_14-30-08: conv5_x.0.shortcut.0.weight: torch.Size([512, 256, 1, 1])
2023-12-02_14-30-08: conv5_x.0.shortcut.1.weight: torch.Size([512])
2023-12-02_14-30-08: conv5_x.0.shortcut.1.bias: torch.Size([512])
2023-12-02_14-30-08: conv5_x.1.sequence.0.weight: torch.Size([512, 512, 3, 3])
2023-12-02_14-30-08: conv5_x.1.sequence.1.weight: torch.Size([512])
2023-12-02_14-30-08: conv5_x.1.sequence.1.bias: torch.Size([512])
2023-12-02_14-30-08: conv5_x.1.sequence.3.weight: torch.Size([512, 512, 3, 3])
2023-12-02_14-30-08: conv5_x.1.sequence.4.weight: torch.Size([512])
2023-12-02_14-30-08: conv5_x.1.sequence.4.bias: torch.Size([512])
2023-12-02_14-30-08: fc.weight: torch.Size([2, 512])
2023-12-02_14-30-08: fc.bias: torch.Size([2])
2023-12-02_14-30-08: 
Total parameters: 11,169,858;	Trainable: 11,169,858
2023-12-02_14-31-18: Epoch: 2 | Train loss: 0.4369177100424831 | Train acc: {'40X': 79.04, '100X': 82.76, '200X': 84.73, '400X': 82.03, 'avg_acc': 82.14, 'all_acc': 82.16} | Valid loss: 0.4006806048750877 | Valid acc: {'40X': 82.96, '100X': 83.69, '200X': 85.32, '400X': 80.77, 'avg_acc': 83.18, 'all_acc': 83.25}| Runtime: 1.2 mins
2023-12-02_14-32-24: Epoch: 3 | Train loss: 0.3866308864105392 | Train acc: {'40X': 82.18, '100X': 83.45, '200X': 85.73, '400X': 82.4, 'avg_acc': 83.44, 'all_acc': 83.47} | Valid loss: 0.4852698862552643 | Valid acc: {'40X': 78.2, '100X': 79.62, '200X': 79.85, '400X': 72.25, 'avg_acc': 77.48, 'all_acc': 77.62}| Runtime: 1.1 mins
