2023-12-02_14-27-14: config: {'n_epochs': 10, 'batch_size': 32, 'h': 224, 'w': 224, 'lr': 0.001, 'optimizer': 'adam', 'momentum': 0.9, 'device': 'cuda', 'n_gpus': 2, 'kernel_size': 3, 'flatten': False, 'model': 'resnet', 'num_blocks_list': [2, 2, 2, 2], 'is_batchnorm': True}
2023-12-02_14-27-14: conv1.0.weight: torch.Size([64, 3, 3, 3])
2023-12-02_14-27-14: conv1.1.weight: torch.Size([64])
2023-12-02_14-27-14: conv1.1.bias: torch.Size([64])
2023-12-02_14-27-14: conv2_x.0.sequence.0.weight: torch.Size([64, 64, 3, 3])
2023-12-02_14-27-14: conv2_x.0.sequence.1.weight: torch.Size([64])
2023-12-02_14-27-14: conv2_x.0.sequence.1.bias: torch.Size([64])
2023-12-02_14-27-14: conv2_x.0.sequence.3.weight: torch.Size([64, 64, 3, 3])
2023-12-02_14-27-14: conv2_x.0.sequence.4.weight: torch.Size([64])
2023-12-02_14-27-14: conv2_x.0.sequence.4.bias: torch.Size([64])
2023-12-02_14-27-14: conv2_x.1.sequence.0.weight: torch.Size([64, 64, 3, 3])
2023-12-02_14-27-14: conv2_x.1.sequence.1.weight: torch.Size([64])
2023-12-02_14-27-14: conv2_x.1.sequence.1.bias: torch.Size([64])
2023-12-02_14-27-14: conv2_x.1.sequence.3.weight: torch.Size([64, 64, 3, 3])
2023-12-02_14-27-14: conv2_x.1.sequence.4.weight: torch.Size([64])
2023-12-02_14-27-14: conv2_x.1.sequence.4.bias: torch.Size([64])
2023-12-02_14-27-14: conv3_x.0.sequence.0.weight: torch.Size([128, 64, 3, 3])
2023-12-02_14-27-14: conv3_x.0.sequence.1.weight: torch.Size([128])
2023-12-02_14-27-14: conv3_x.0.sequence.1.bias: torch.Size([128])
2023-12-02_14-27-14: conv3_x.0.sequence.3.weight: torch.Size([128, 128, 3, 3])
2023-12-02_14-27-14: conv3_x.0.sequence.4.weight: torch.Size([128])
2023-12-02_14-27-14: conv3_x.0.sequence.4.bias: torch.Size([128])
2023-12-02_14-27-14: conv3_x.0.shortcut.0.weight: torch.Size([128, 64, 1, 1])
2023-12-02_14-27-14: conv3_x.0.shortcut.1.weight: torch.Size([128])
2023-12-02_14-27-14: conv3_x.0.shortcut.1.bias: torch.Size([128])
2023-12-02_14-27-14: conv3_x.1.sequence.0.weight: torch.Size([128, 128, 3, 3])
2023-12-02_14-27-14: conv3_x.1.sequence.1.weight: torch.Size([128])
2023-12-02_14-27-14: conv3_x.1.sequence.1.bias: torch.Size([128])
2023-12-02_14-27-14: conv3_x.1.sequence.3.weight: torch.Size([128, 128, 3, 3])
2023-12-02_14-27-14: conv3_x.1.sequence.4.weight: torch.Size([128])
2023-12-02_14-27-14: conv3_x.1.sequence.4.bias: torch.Size([128])
2023-12-02_14-27-14: conv4_x.0.sequence.0.weight: torch.Size([256, 128, 3, 3])
2023-12-02_14-27-14: conv4_x.0.sequence.1.weight: torch.Size([256])
2023-12-02_14-27-14: conv4_x.0.sequence.1.bias: torch.Size([256])
2023-12-02_14-27-14: conv4_x.0.sequence.3.weight: torch.Size([256, 256, 3, 3])
2023-12-02_14-27-14: conv4_x.0.sequence.4.weight: torch.Size([256])
2023-12-02_14-27-14: conv4_x.0.sequence.4.bias: torch.Size([256])
2023-12-02_14-27-14: conv4_x.0.shortcut.0.weight: torch.Size([256, 128, 1, 1])
2023-12-02_14-27-14: conv4_x.0.shortcut.1.weight: torch.Size([256])
2023-12-02_14-27-14: conv4_x.0.shortcut.1.bias: torch.Size([256])
2023-12-02_14-27-14: conv4_x.1.sequence.0.weight: torch.Size([256, 256, 3, 3])
2023-12-02_14-27-14: conv4_x.1.sequence.1.weight: torch.Size([256])
2023-12-02_14-27-14: conv4_x.1.sequence.1.bias: torch.Size([256])
2023-12-02_14-27-14: conv4_x.1.sequence.3.weight: torch.Size([256, 256, 3, 3])
2023-12-02_14-27-14: conv4_x.1.sequence.4.weight: torch.Size([256])
2023-12-02_14-27-14: conv4_x.1.sequence.4.bias: torch.Size([256])
2023-12-02_14-27-14: conv5_x.0.sequence.0.weight: torch.Size([512, 256, 3, 3])
2023-12-02_14-27-14: conv5_x.0.sequence.1.weight: torch.Size([512])
2023-12-02_14-27-14: conv5_x.0.sequence.1.bias: torch.Size([512])
2023-12-02_14-27-14: conv5_x.0.sequence.3.weight: torch.Size([512, 512, 3, 3])
2023-12-02_14-27-14: conv5_x.0.sequence.4.weight: torch.Size([512])
2023-12-02_14-27-14: conv5_x.0.sequence.4.bias: torch.Size([512])
2023-12-02_14-27-14: conv5_x.0.shortcut.0.weight: torch.Size([512, 256, 1, 1])
2023-12-02_14-27-14: conv5_x.0.shortcut.1.weight: torch.Size([512])
2023-12-02_14-27-14: conv5_x.0.shortcut.1.bias: torch.Size([512])
2023-12-02_14-27-14: conv5_x.1.sequence.0.weight: torch.Size([512, 512, 3, 3])
2023-12-02_14-27-14: conv5_x.1.sequence.1.weight: torch.Size([512])
2023-12-02_14-27-14: conv5_x.1.sequence.1.bias: torch.Size([512])
2023-12-02_14-27-14: conv5_x.1.sequence.3.weight: torch.Size([512, 512, 3, 3])
2023-12-02_14-27-14: conv5_x.1.sequence.4.weight: torch.Size([512])
2023-12-02_14-27-14: conv5_x.1.sequence.4.bias: torch.Size([512])
2023-12-02_14-27-14: fc.weight: torch.Size([2, 512])
2023-12-02_14-27-14: fc.bias: torch.Size([2])
2023-12-02_14-27-14: 
Total parameters: 11,169,858;	Trainable: 11,169,858
2023-12-02_14-28-23: Epoch: 2 | Train loss: 0.43576026365563675 | Train acc: {'40X': 79.01, '100X': 82.57, '200X': 84.91, '400X': 82.19, 'avg_acc': 82.17, 'all_acc': 82.18} | Valid loss: 0.3805514359474182 | Valid acc: {'40X': 82.96, '100X': 86.09, '200X': 86.07, '400X': 85.99, 'avg_acc': 85.28, 'all_acc': 85.27}| Runtime: 1.1 mins
2023-12-02_14-29-29: Epoch: 3 | Train loss: 0.3952976363534863 | Train acc: {'40X': 81.57, '100X': 83.69, '200X': 85.5, '400X': 83.3, 'avg_acc': 83.52, 'all_acc': 83.53} | Valid loss: 0.3437661221623421 | Valid acc: {'40X': 84.96, '100X': 85.61, '200X': 85.07, '400X': 86.54, 'avg_acc': 85.54, 'all_acc': 85.52}| Runtime: 1.1 mins
