2023-12-03_17-00-02: config: {'n_epochs': 30, 'batch_size': 32, 'h': 224, 'w': 224, 'lr': 0.0001, 'optimizer': 'adam', 'momentum': 0.9, 'device': 'cuda', 'n_gpus': 2, 'kernel_size': 3, 'flatten': False, 'model': 'resnet', 'num_blocks_list': [2, 2, 2, 2], 'is_batchnorm': True}
2023-12-03_17-00-02: conv1.0.weight: torch.Size([64, 3, 3, 3])
2023-12-03_17-00-02: conv1.1.weight: torch.Size([64])
2023-12-03_17-00-02: conv1.1.bias: torch.Size([64])
2023-12-03_17-00-02: conv2_x.0.sequence.0.weight: torch.Size([64, 64, 3, 3])
2023-12-03_17-00-02: conv2_x.0.sequence.1.weight: torch.Size([64])
2023-12-03_17-00-02: conv2_x.0.sequence.1.bias: torch.Size([64])
2023-12-03_17-00-02: conv2_x.0.sequence.3.weight: torch.Size([64, 64, 3, 3])
2023-12-03_17-00-02: conv2_x.0.sequence.4.weight: torch.Size([64])
2023-12-03_17-00-02: conv2_x.0.sequence.4.bias: torch.Size([64])
2023-12-03_17-00-02: conv2_x.1.sequence.0.weight: torch.Size([64, 64, 3, 3])
2023-12-03_17-00-02: conv2_x.1.sequence.1.weight: torch.Size([64])
2023-12-03_17-00-02: conv2_x.1.sequence.1.bias: torch.Size([64])
2023-12-03_17-00-02: conv2_x.1.sequence.3.weight: torch.Size([64, 64, 3, 3])
2023-12-03_17-00-02: conv2_x.1.sequence.4.weight: torch.Size([64])
2023-12-03_17-00-02: conv2_x.1.sequence.4.bias: torch.Size([64])
2023-12-03_17-00-02: conv3_x.0.sequence.0.weight: torch.Size([128, 64, 3, 3])
2023-12-03_17-00-02: conv3_x.0.sequence.1.weight: torch.Size([128])
2023-12-03_17-00-02: conv3_x.0.sequence.1.bias: torch.Size([128])
2023-12-03_17-00-02: conv3_x.0.sequence.3.weight: torch.Size([128, 128, 3, 3])
2023-12-03_17-00-02: conv3_x.0.sequence.4.weight: torch.Size([128])
2023-12-03_17-00-02: conv3_x.0.sequence.4.bias: torch.Size([128])
2023-12-03_17-00-02: conv3_x.0.shortcut.0.weight: torch.Size([128, 64, 1, 1])
2023-12-03_17-00-02: conv3_x.0.shortcut.1.weight: torch.Size([128])
2023-12-03_17-00-02: conv3_x.0.shortcut.1.bias: torch.Size([128])
2023-12-03_17-00-02: conv3_x.1.sequence.0.weight: torch.Size([128, 128, 3, 3])
2023-12-03_17-00-02: conv3_x.1.sequence.1.weight: torch.Size([128])
2023-12-03_17-00-02: conv3_x.1.sequence.1.bias: torch.Size([128])
2023-12-03_17-00-02: conv3_x.1.sequence.3.weight: torch.Size([128, 128, 3, 3])
2023-12-03_17-00-02: conv3_x.1.sequence.4.weight: torch.Size([128])
2023-12-03_17-00-02: conv3_x.1.sequence.4.bias: torch.Size([128])
2023-12-03_17-00-02: conv4_x.0.sequence.0.weight: torch.Size([256, 128, 3, 3])
2023-12-03_17-00-02: conv4_x.0.sequence.1.weight: torch.Size([256])
2023-12-03_17-00-02: conv4_x.0.sequence.1.bias: torch.Size([256])
2023-12-03_17-00-02: conv4_x.0.sequence.3.weight: torch.Size([256, 256, 3, 3])
2023-12-03_17-00-02: conv4_x.0.sequence.4.weight: torch.Size([256])
2023-12-03_17-00-02: conv4_x.0.sequence.4.bias: torch.Size([256])
2023-12-03_17-00-02: conv4_x.0.shortcut.0.weight: torch.Size([256, 128, 1, 1])
2023-12-03_17-00-02: conv4_x.0.shortcut.1.weight: torch.Size([256])
2023-12-03_17-00-02: conv4_x.0.shortcut.1.bias: torch.Size([256])
2023-12-03_17-00-02: conv4_x.1.sequence.0.weight: torch.Size([256, 256, 3, 3])
2023-12-03_17-00-02: conv4_x.1.sequence.1.weight: torch.Size([256])
2023-12-03_17-00-02: conv4_x.1.sequence.1.bias: torch.Size([256])
2023-12-03_17-00-02: conv4_x.1.sequence.3.weight: torch.Size([256, 256, 3, 3])
2023-12-03_17-00-02: conv4_x.1.sequence.4.weight: torch.Size([256])
2023-12-03_17-00-02: conv4_x.1.sequence.4.bias: torch.Size([256])
2023-12-03_17-00-02: conv5_x.0.sequence.0.weight: torch.Size([512, 256, 3, 3])
2023-12-03_17-00-02: conv5_x.0.sequence.1.weight: torch.Size([512])
2023-12-03_17-00-02: conv5_x.0.sequence.1.bias: torch.Size([512])
2023-12-03_17-00-02: conv5_x.0.sequence.3.weight: torch.Size([512, 512, 3, 3])
2023-12-03_17-00-02: conv5_x.0.sequence.4.weight: torch.Size([512])
2023-12-03_17-00-02: conv5_x.0.sequence.4.bias: torch.Size([512])
2023-12-03_17-00-02: conv5_x.0.shortcut.0.weight: torch.Size([512, 256, 1, 1])
2023-12-03_17-00-02: conv5_x.0.shortcut.1.weight: torch.Size([512])
2023-12-03_17-00-02: conv5_x.0.shortcut.1.bias: torch.Size([512])
2023-12-03_17-00-02: conv5_x.1.sequence.0.weight: torch.Size([512, 512, 3, 3])
2023-12-03_17-00-02: conv5_x.1.sequence.1.weight: torch.Size([512])
2023-12-03_17-00-02: conv5_x.1.sequence.1.bias: torch.Size([512])
2023-12-03_17-00-02: conv5_x.1.sequence.3.weight: torch.Size([512, 512, 3, 3])
2023-12-03_17-00-02: conv5_x.1.sequence.4.weight: torch.Size([512])
2023-12-03_17-00-02: conv5_x.1.sequence.4.bias: torch.Size([512])
2023-12-03_17-00-02: fc.weight: torch.Size([2, 512])
2023-12-03_17-00-02: fc.bias: torch.Size([2])
2023-12-03_17-00-02: 
Total parameters: 11,169,858;	Trainable: 11,169,858
2023-12-03_17-01-12: Epoch: 1 | Train loss: 0.40998857569050146 | Train acc: {'40X': 78.41, '100X': 81.83, '200X': 83.77, '400X': 82.83, 'avg_acc': 81.71, 'all_acc': 81.69} | Valid loss: 0.34647079348564147 | Valid acc: {'40X': 82.21, '100X': 86.33, '200X': 87.56, '400X': 84.62, 'avg_acc': 85.18, 'all_acc': 85.21}| Runtime: 1.1 mins
2023-12-03_17-02-18: Epoch: 2 | Train loss: 0.34021949526425954 | Train acc: {'40X': 82.93, '100X': 85.08, '200X': 87.24, '400X': 86.29, 'avg_acc': 85.38, 'all_acc': 85.37} | Valid loss: 0.3273009005188942 | Valid acc: {'40X': 84.46, '100X': 86.33, '200X': 87.56, '400X': 87.64, 'avg_acc': 86.5, 'all_acc': 86.47}| Runtime: 1.1 mins
2023-12-03_17-03-24: Epoch: 3 | Train loss: 0.3087812370645839 | Train acc: {'40X': 84.53, '100X': 86.09, '200X': 89.97, '400X': 87.89, 'avg_acc': 87.12, 'all_acc': 87.1} | Valid loss: 0.3777662581205368 | Valid acc: {'40X': 78.95, '100X': 80.82, '200X': 84.33, '400X': 84.62, 'avg_acc': 82.18, 'all_acc': 82.11}| Runtime: 1.1 mins
2023-12-03_17-04-30: Epoch: 4 | Train loss: 0.29841323071033565 | Train acc: {'40X': 84.62, '100X': 87.47, '200X': 90.45, '400X': 87.17, 'avg_acc': 87.43, 'all_acc': 87.44} | Valid loss: 0.4594148027896881 | Valid acc: {'40X': 76.69, '100X': 83.45, '200X': 82.34, '400X': 81.59, 'avg_acc': 81.02, 'all_acc': 81.04}| Runtime: 1.1 mins
2023-12-03_17-05-37: Epoch: 5 | Train loss: 0.2724938994726619 | Train acc: {'40X': 87.35, '100X': 87.08, '200X': 90.14, '400X': 87.6, 'avg_acc': 88.04, 'all_acc': 88.05} | Valid loss: 0.26716611683368685 | Valid acc: {'40X': 86.97, '100X': 92.33, '200X': 93.03, '400X': 86.81, 'avg_acc': 89.79, 'all_acc': 89.89}| Runtime: 1.1 mins
2023-12-03_17-06-44: Epoch: 6 | Train loss: 0.2523207872401218 | Train acc: {'40X': 88.11, '100X': 89.33, '200X': 91.62, '400X': 89.63, 'avg_acc': 89.67, 'all_acc': 89.67} | Valid loss: 0.2464122176170349 | Valid acc: {'40X': 89.22, '100X': 90.17, '200X': 89.8, '400X': 90.38, 'avg_acc': 89.89, 'all_acc': 89.89}| Runtime: 1.1 mins
2023-12-03_17-07-50: Epoch: 7 | Train loss: 0.24397646499848044 | Train acc: {'40X': 88.04, '100X': 89.78, '200X': 91.38, '400X': 90.28, 'avg_acc': 89.87, 'all_acc': 89.86} | Valid loss: 0.3979967400431633 | Valid acc: {'40X': 82.46, '100X': 83.93, '200X': 85.82, '400X': 87.64, 'avg_acc': 84.96, 'all_acc': 84.89}| Runtime: 1.1 mins
2023-12-03_17-08-56: Epoch: 8 | Train loss: 0.22453474953166536 | Train acc: {'40X': 89.45, '100X': 90.43, '200X': 92.63, '400X': 90.09, 'avg_acc': 90.65, 'all_acc': 90.67} | Valid loss: 0.2637191282212734 | Valid acc: {'40X': 89.47, '100X': 91.85, '200X': 89.55, '400X': 84.89, 'avg_acc': 88.94, 'all_acc': 89.06}| Runtime: 1.1 mins
2023-12-03_17-10-02: Epoch: 9 | Train loss: 0.21753320656716824 | Train acc: {'40X': 89.7, '100X': 90.86, '200X': 92.79, '400X': 89.81, 'avg_acc': 90.79, 'all_acc': 90.82} | Valid loss: 0.1792749558389187 | Valid acc: {'40X': 90.73, '100X': 94.24, '200X': 94.03, '400X': 91.21, 'avg_acc': 92.55, 'all_acc': 92.6}| Runtime: 1.1 mins
2023-12-03_17-11-09: Epoch: 10 | Train loss: 0.20365895308252122 | Train acc: {'40X': 90.37, '100X': 90.92, '200X': 93.95, '400X': 90.64, 'avg_acc': 91.47, 'all_acc': 91.49} | Valid loss: 0.192621115334332 | Valid acc: {'40X': 91.73, '100X': 91.85, '200X': 93.28, '400X': 92.03, 'avg_acc': 92.22, 'all_acc': 92.23}| Runtime: 1.1 mins
2023-12-03_17-12-15: Epoch: 11 | Train loss: 0.20003849617834832 | Train acc: {'40X': 91.21, '100X': 91.81, '200X': 92.72, '400X': 91.64, 'avg_acc': 91.84, 'all_acc': 91.85} | Valid loss: 0.4853395615518093 | Valid acc: {'40X': 79.7, '100X': 81.77, '200X': 82.34, '400X': 80.49, 'avg_acc': 81.08, 'all_acc': 81.1}| Runtime: 1.1 mins
2023-12-03_17-13-22: Epoch: 12 | Train loss: 0.18825936926579154 | Train acc: {'40X': 91.3, '100X': 93.01, '200X': 94.2, '400X': 91.65, 'avg_acc': 92.54, 'all_acc': 92.57} | Valid loss: 0.17846703365445138 | Valid acc: {'40X': 92.48, '100X': 94.96, '200X': 94.53, '400X': 92.86, 'avg_acc': 93.71, 'all_acc': 93.74}| Runtime: 1.1 mins
2023-12-03_17-14-29: Epoch: 13 | Train loss: 0.19184453193903775 | Train acc: {'40X': 91.37, '100X': 92.46, '200X': 93.45, '400X': 91.28, 'avg_acc': 92.14, 'all_acc': 92.17} | Valid loss: 0.2424209150671959 | Valid acc: {'40X': 90.23, '100X': 90.41, '200X': 90.55, '400X': 86.54, 'avg_acc': 89.43, 'all_acc': 89.51}| Runtime: 1.1 mins
2023-12-03_17-15-36: Epoch: 14 | Train loss: 0.16239129043360417 | Train acc: {'40X': 93.55, '100X': 94.3, '200X': 94.95, '400X': 93.03, 'avg_acc': 93.96, 'all_acc': 93.98} | Valid loss: 0.147599547021091 | Valid acc: {'40X': 92.98, '100X': 96.64, '200X': 94.53, '400X': 93.13, 'avg_acc': 94.32, 'all_acc': 94.37}| Runtime: 1.1 mins
2023-12-03_17-16-43: Epoch: 15 | Train loss: 0.1612747143198912 | Train acc: {'40X': 93.47, '100X': 94.38, '200X': 93.12, '400X': 92.2, 'avg_acc': 93.29, 'all_acc': 93.33} | Valid loss: 0.24677925523370503 | Valid acc: {'40X': 87.97, '100X': 91.13, '200X': 91.29, '400X': 86.54, 'avg_acc': 89.23, 'all_acc': 89.32}| Runtime: 1.1 mins
2023-12-03_17-17-49: Epoch: 16 | Train loss: 0.15875348438685005 | Train acc: {'40X': 93.63, '100X': 94.61, '200X': 95.53, '400X': 93.03, 'avg_acc': 94.2, 'all_acc': 94.24} | Valid loss: 0.16135658860206603 | Valid acc: {'40X': 93.48, '100X': 92.81, '200X': 95.02, '400X': 91.48, 'avg_acc': 93.2, 'all_acc': 93.24}| Runtime: 1.1 mins
2023-12-03_17-18-55: Epoch: 17 | Train loss: 0.15855713241507072 | Train acc: {'40X': 93.22, '100X': 93.91, '200X': 94.86, '400X': 92.38, 'avg_acc': 93.59, 'all_acc': 93.62} | Valid loss: 0.23202329888939857 | Valid acc: {'40X': 91.98, '100X': 89.93, '200X': 89.05, '400X': 90.11, 'avg_acc': 90.27, 'all_acc': 90.27}| Runtime: 1.1 mins
2023-12-03_17-20-02: Epoch: 18 | Train loss: 0.14927978509080572 | Train acc: {'40X': 93.97, '100X': 93.58, '200X': 94.2, '400X': 94.13, 'avg_acc': 93.97, 'all_acc': 93.96} | Valid loss: 0.137094222381711 | Valid acc: {'40X': 93.98, '100X': 94.0, '200X': 95.77, '400X': 93.96, 'avg_acc': 94.43, 'all_acc': 94.44}| Runtime: 1.1 mins
2023-12-03_17-21-09: Epoch: 19 | Train loss: 0.14521980977843743 | Train acc: {'40X': 94.23, '100X': 94.63, '200X': 95.11, '400X': 94.3, 'avg_acc': 94.57, 'all_acc': 94.57} | Valid loss: 0.17400258906185628 | Valid acc: {'40X': 90.48, '100X': 96.4, '200X': 92.79, '400X': 91.21, 'avg_acc': 92.72, 'all_acc': 92.79}| Runtime: 1.1 mins
2023-12-03_17-22-16: Epoch: 20 | Train loss: 0.1284155612685592 | Train acc: {'40X': 94.65, '100X': 94.69, '200X': 95.77, '400X': 95.23, 'avg_acc': 95.08, 'all_acc': 95.08} | Valid loss: 0.2984845690429211 | Valid acc: {'40X': 89.47, '100X': 88.01, '200X': 90.05, '400X': 85.16, 'avg_acc': 88.17, 'all_acc': 88.24}| Runtime: 1.1 mins
2023-12-03_17-23-23: Epoch: 21 | Train loss: 0.1405219350991821 | Train acc: {'40X': 94.39, '100X': 94.62, '200X': 95.61, '400X': 93.75, 'avg_acc': 94.59, 'all_acc': 94.62} | Valid loss: 0.13527911692857741 | Valid acc: {'40X': 94.74, '100X': 94.48, '200X': 94.28, '400X': 93.68, 'avg_acc': 94.3, 'all_acc': 94.31}| Runtime: 1.1 mins
2023-12-03_17-24-29: Epoch: 22 | Train loss: 0.1445350573977103 | Train acc: {'40X': 94.22, '100X': 94.79, '200X': 95.03, '400X': 92.83, 'avg_acc': 94.22, 'all_acc': 94.26} | Valid loss: 0.14829203020781279 | Valid acc: {'40X': 94.24, '100X': 95.44, '200X': 95.02, '400X': 91.48, 'avg_acc': 94.04, 'all_acc': 94.12}| Runtime: 1.1 mins
2023-12-03_17-25-35: Epoch: 23 | Train loss: 0.1122923854713303 | Train acc: {'40X': 95.49, '100X': 95.99, '200X': 96.35, '400X': 95.68, 'avg_acc': 95.88, 'all_acc': 95.88} | Valid loss: 0.1913942765817046 | Valid acc: {'40X': 93.48, '100X': 94.72, '200X': 94.03, '400X': 90.93, 'avg_acc': 93.29, 'all_acc': 93.36}| Runtime: 1.1 mins
2023-12-03_17-26-41: Epoch: 24 | Train loss: 0.10405803143952948 | Train acc: {'40X': 94.8, '100X': 97.03, '200X': 96.19, '400X': 95.6, 'avg_acc': 95.9, 'all_acc': 95.92} | Valid loss: 0.11858367247506976 | Valid acc: {'40X': 95.74, '100X': 95.68, '200X': 96.52, '400X': 94.23, 'avg_acc': 95.54, 'all_acc': 95.58}| Runtime: 1.1 mins
2023-12-03_17-27-48: Epoch: 25 | Train loss: 0.0918053647478086 | Train acc: {'40X': 96.74, '100X': 96.87, '200X': 96.61, '400X': 95.68, 'avg_acc': 96.48, 'all_acc': 96.49} | Valid loss: 0.14535587690770627 | Valid acc: {'40X': 94.49, '100X': 94.96, '200X': 95.77, '400X': 93.68, 'avg_acc': 94.72, 'all_acc': 94.75}| Runtime: 1.1 mins
2023-12-03_17-28-54: Epoch: 26 | Train loss: 0.1018683785711088 | Train acc: {'40X': 96.31, '100X': 96.95, '200X': 97.1, '400X': 94.68, 'avg_acc': 96.26, 'all_acc': 96.3} | Valid loss: 0.13200772978365422 | Valid acc: {'40X': 94.24, '100X': 95.2, '200X': 96.27, '400X': 92.86, 'avg_acc': 94.64, 'all_acc': 94.69}| Runtime: 1.1 mins
2023-12-03_17-30-00: Epoch: 27 | Train loss: 0.09388768493600592 | Train acc: {'40X': 96.57, '100X': 96.78, '200X': 95.77, '400X': 96.06, 'avg_acc': 96.3, 'all_acc': 96.3} | Valid loss: 0.2178139690682292 | Valid acc: {'40X': 90.73, '100X': 90.89, '200X': 92.29, '400X': 93.41, 'avg_acc': 91.83, 'all_acc': 91.78}| Runtime: 1.1 mins
2023-12-03_17-31-07: Epoch: 28 | Train loss: 0.08831738287306114 | Train acc: {'40X': 96.23, '100X': 96.87, '200X': 97.09, '400X': 95.88, 'avg_acc': 96.52, 'all_acc': 96.54} | Valid loss: 0.12183547988533974 | Valid acc: {'40X': 96.99, '100X': 96.4, '200X': 95.52, '400X': 92.86, 'avg_acc': 95.44, 'all_acc': 95.51}| Runtime: 1.1 mins
2023-12-03_17-32-13: Epoch: 29 | Train loss: 0.07915264773623061 | Train acc: {'40X': 97.41, '100X': 98.31, '200X': 97.43, '400X': 96.7, 'avg_acc': 97.46, 'all_acc': 97.49} | Valid loss: 0.2438655238971114 | Valid acc: {'40X': 88.22, '100X': 92.09, '200X': 93.28, '400X': 89.56, 'avg_acc': 90.79, 'all_acc': 90.83}| Runtime: 1.1 mins
2023-12-03_17-33-19: Epoch: 30 | Train loss: 0.061669890580044406 | Train acc: {'40X': 98.33, '100X': 97.75, '200X': 98.34, '400X': 97.07, 'avg_acc': 97.87, 'all_acc': 97.89} | Valid loss: 0.17279648931697011 | Valid acc: {'40X': 92.98, '100X': 94.72, '200X': 93.28, '400X': 94.51, 'avg_acc': 93.87, 'all_acc': 93.87}| Runtime: 1.1 mins
2023-12-03_17-33-19: Train summary:     epoch    40X   100X   200X   400X  avg_acc  all_acc
0       1  78.41  81.83  83.77  82.83    81.71    81.69
1       2  82.93  85.08  87.24  86.29    85.38    85.37
2       3  84.53  86.09  89.97  87.89    87.12    87.10
3       4  84.62  87.47  90.45  87.17    87.43    87.44
4       5  87.35  87.08  90.14  87.60    88.04    88.05
5       6  88.11  89.33  91.62  89.63    89.67    89.67
6       7  88.04  89.78  91.38  90.28    89.87    89.86
7       8  89.45  90.43  92.63  90.09    90.65    90.67
8       9  89.70  90.86  92.79  89.81    90.79    90.82
9      10  90.37  90.92  93.95  90.64    91.47    91.49
10     11  91.21  91.81  92.72  91.64    91.84    91.85
11     12  91.30  93.01  94.20  91.65    92.54    92.57
12     13  91.37  92.46  93.45  91.28    92.14    92.17
13     14  93.55  94.30  94.95  93.03    93.96    93.98
14     15  93.47  94.38  93.12  92.20    93.29    93.33
15     16  93.63  94.61  95.53  93.03    94.20    94.24
16     17  93.22  93.91  94.86  92.38    93.59    93.62
17     18  93.97  93.58  94.20  94.13    93.97    93.96
18     19  94.23  94.63  95.11  94.30    94.57    94.57
19     20  94.65  94.69  95.77  95.23    95.08    95.08
20     21  94.39  94.62  95.61  93.75    94.59    94.62
21     22  94.22  94.79  95.03  92.83    94.22    94.26
22     23  95.49  95.99  96.35  95.68    95.88    95.88
23     24  94.80  97.03  96.19  95.60    95.90    95.92
24     25  96.74  96.87  96.61  95.68    96.48    96.49
25     26  96.31  96.95  97.10  94.68    96.26    96.30
26     27  96.57  96.78  95.77  96.06    96.30    96.30
27     28  96.23  96.87  97.09  95.88    96.52    96.54
28     29  97.41  98.31  97.43  96.70    97.46    97.49
29     30  98.33  97.75  98.34  97.07    97.87    97.89
2023-12-03_17-33-19: Eval summary:     epoch    40X   100X   200X   400X  avg_acc  all_acc
0       1  82.21  86.33  87.56  84.62    85.18    85.21
1       2  84.46  86.33  87.56  87.64    86.50    86.47
2       3  78.95  80.82  84.33  84.62    82.18    82.11
3       4  76.69  83.45  82.34  81.59    81.02    81.04
4       5  86.97  92.33  93.03  86.81    89.79    89.89
5       6  89.22  90.17  89.80  90.38    89.89    89.89
6       7  82.46  83.93  85.82  87.64    84.96    84.89
7       8  89.47  91.85  89.55  84.89    88.94    89.06
8       9  90.73  94.24  94.03  91.21    92.55    92.60
9      10  91.73  91.85  93.28  92.03    92.22    92.23
10     11  79.70  81.77  82.34  80.49    81.08    81.10
11     12  92.48  94.96  94.53  92.86    93.71    93.74
12     13  90.23  90.41  90.55  86.54    89.43    89.51
13     14  92.98  96.64  94.53  93.13    94.32    94.37
14     15  87.97  91.13  91.29  86.54    89.23    89.32
15     16  93.48  92.81  95.02  91.48    93.20    93.24
16     17  91.98  89.93  89.05  90.11    90.27    90.27
17     18  93.98  94.00  95.77  93.96    94.43    94.44
18     19  90.48  96.40  92.79  91.21    92.72    92.79
19     20  89.47  88.01  90.05  85.16    88.17    88.24
20     21  94.74  94.48  94.28  93.68    94.30    94.31
21     22  94.24  95.44  95.02  91.48    94.04    94.12
22     23  93.48  94.72  94.03  90.93    93.29    93.36
23     24  95.74  95.68  96.52  94.23    95.54    95.58
24     25  94.49  94.96  95.77  93.68    94.72    94.75
25     26  94.24  95.20  96.27  92.86    94.64    94.69
26     27  90.73  90.89  92.29  93.41    91.83    91.78
27     28  96.99  96.40  95.52  92.86    95.44    95.51
28     29  88.22  92.09  93.28  89.56    90.79    90.83
29     30  92.98  94.72  93.28  94.51    93.87    93.87
2023-12-03_17-33-19: Final test accuracy: {'40X': 95.74, '100X': 94.47, '200X': 96.77, '400X': 95.05, 'avg_acc': 95.51, 'all_acc': 95.51}
