2023-12-03_17-33-20: config: {'n_epochs': 30, 'batch_size': 32, 'h': 224, 'w': 224, 'lr': 0.0001, 'optimizer': 'adam', 'momentum': 0.9, 'device': 'cuda', 'n_gpus': 2, 'kernel_size': 3, 'flatten': False, 'model': 'resnet', 'num_blocks_list': [3, 2, 3, 4], 'is_batchnorm': True}
2023-12-03_17-33-20: conv1.0.weight: torch.Size([64, 3, 3, 3])
2023-12-03_17-33-20: conv1.1.weight: torch.Size([64])
2023-12-03_17-33-20: conv1.1.bias: torch.Size([64])
2023-12-03_17-33-20: conv2_x.0.sequence.0.weight: torch.Size([64, 64, 3, 3])
2023-12-03_17-33-20: conv2_x.0.sequence.1.weight: torch.Size([64])
2023-12-03_17-33-20: conv2_x.0.sequence.1.bias: torch.Size([64])
2023-12-03_17-33-20: conv2_x.0.sequence.3.weight: torch.Size([64, 64, 3, 3])
2023-12-03_17-33-20: conv2_x.0.sequence.4.weight: torch.Size([64])
2023-12-03_17-33-20: conv2_x.0.sequence.4.bias: torch.Size([64])
2023-12-03_17-33-20: conv2_x.1.sequence.0.weight: torch.Size([64, 64, 3, 3])
2023-12-03_17-33-20: conv2_x.1.sequence.1.weight: torch.Size([64])
2023-12-03_17-33-20: conv2_x.1.sequence.1.bias: torch.Size([64])
2023-12-03_17-33-20: conv2_x.1.sequence.3.weight: torch.Size([64, 64, 3, 3])
2023-12-03_17-33-20: conv2_x.1.sequence.4.weight: torch.Size([64])
2023-12-03_17-33-20: conv2_x.1.sequence.4.bias: torch.Size([64])
2023-12-03_17-33-20: conv2_x.2.sequence.0.weight: torch.Size([64, 64, 3, 3])
2023-12-03_17-33-20: conv2_x.2.sequence.1.weight: torch.Size([64])
2023-12-03_17-33-20: conv2_x.2.sequence.1.bias: torch.Size([64])
2023-12-03_17-33-20: conv2_x.2.sequence.3.weight: torch.Size([64, 64, 3, 3])
2023-12-03_17-33-20: conv2_x.2.sequence.4.weight: torch.Size([64])
2023-12-03_17-33-20: conv2_x.2.sequence.4.bias: torch.Size([64])
2023-12-03_17-33-20: conv3_x.0.sequence.0.weight: torch.Size([128, 64, 3, 3])
2023-12-03_17-33-20: conv3_x.0.sequence.1.weight: torch.Size([128])
2023-12-03_17-33-20: conv3_x.0.sequence.1.bias: torch.Size([128])
2023-12-03_17-33-20: conv3_x.0.sequence.3.weight: torch.Size([128, 128, 3, 3])
2023-12-03_17-33-20: conv3_x.0.sequence.4.weight: torch.Size([128])
2023-12-03_17-33-20: conv3_x.0.sequence.4.bias: torch.Size([128])
2023-12-03_17-33-20: conv3_x.0.shortcut.0.weight: torch.Size([128, 64, 1, 1])
2023-12-03_17-33-20: conv3_x.0.shortcut.1.weight: torch.Size([128])
2023-12-03_17-33-20: conv3_x.0.shortcut.1.bias: torch.Size([128])
2023-12-03_17-33-20: conv3_x.1.sequence.0.weight: torch.Size([128, 128, 3, 3])
2023-12-03_17-33-20: conv3_x.1.sequence.1.weight: torch.Size([128])
2023-12-03_17-33-20: conv3_x.1.sequence.1.bias: torch.Size([128])
2023-12-03_17-33-20: conv3_x.1.sequence.3.weight: torch.Size([128, 128, 3, 3])
2023-12-03_17-33-20: conv3_x.1.sequence.4.weight: torch.Size([128])
2023-12-03_17-33-20: conv3_x.1.sequence.4.bias: torch.Size([128])
2023-12-03_17-33-20: conv4_x.0.sequence.0.weight: torch.Size([256, 128, 3, 3])
2023-12-03_17-33-20: conv4_x.0.sequence.1.weight: torch.Size([256])
2023-12-03_17-33-20: conv4_x.0.sequence.1.bias: torch.Size([256])
2023-12-03_17-33-20: conv4_x.0.sequence.3.weight: torch.Size([256, 256, 3, 3])
2023-12-03_17-33-20: conv4_x.0.sequence.4.weight: torch.Size([256])
2023-12-03_17-33-20: conv4_x.0.sequence.4.bias: torch.Size([256])
2023-12-03_17-33-20: conv4_x.0.shortcut.0.weight: torch.Size([256, 128, 1, 1])
2023-12-03_17-33-20: conv4_x.0.shortcut.1.weight: torch.Size([256])
2023-12-03_17-33-20: conv4_x.0.shortcut.1.bias: torch.Size([256])
2023-12-03_17-33-20: conv4_x.1.sequence.0.weight: torch.Size([256, 256, 3, 3])
2023-12-03_17-33-20: conv4_x.1.sequence.1.weight: torch.Size([256])
2023-12-03_17-33-20: conv4_x.1.sequence.1.bias: torch.Size([256])
2023-12-03_17-33-20: conv4_x.1.sequence.3.weight: torch.Size([256, 256, 3, 3])
2023-12-03_17-33-20: conv4_x.1.sequence.4.weight: torch.Size([256])
2023-12-03_17-33-20: conv4_x.1.sequence.4.bias: torch.Size([256])
2023-12-03_17-33-20: conv4_x.2.sequence.0.weight: torch.Size([256, 256, 3, 3])
2023-12-03_17-33-20: conv4_x.2.sequence.1.weight: torch.Size([256])
2023-12-03_17-33-20: conv4_x.2.sequence.1.bias: torch.Size([256])
2023-12-03_17-33-20: conv4_x.2.sequence.3.weight: torch.Size([256, 256, 3, 3])
2023-12-03_17-33-20: conv4_x.2.sequence.4.weight: torch.Size([256])
2023-12-03_17-33-20: conv4_x.2.sequence.4.bias: torch.Size([256])
2023-12-03_17-33-20: conv5_x.0.sequence.0.weight: torch.Size([512, 256, 3, 3])
2023-12-03_17-33-20: conv5_x.0.sequence.1.weight: torch.Size([512])
2023-12-03_17-33-20: conv5_x.0.sequence.1.bias: torch.Size([512])
2023-12-03_17-33-20: conv5_x.0.sequence.3.weight: torch.Size([512, 512, 3, 3])
2023-12-03_17-33-20: conv5_x.0.sequence.4.weight: torch.Size([512])
2023-12-03_17-33-20: conv5_x.0.sequence.4.bias: torch.Size([512])
2023-12-03_17-33-20: conv5_x.0.shortcut.0.weight: torch.Size([512, 256, 1, 1])
2023-12-03_17-33-20: conv5_x.0.shortcut.1.weight: torch.Size([512])
2023-12-03_17-33-20: conv5_x.0.shortcut.1.bias: torch.Size([512])
2023-12-03_17-33-20: conv5_x.1.sequence.0.weight: torch.Size([512, 512, 3, 3])
2023-12-03_17-33-20: conv5_x.1.sequence.1.weight: torch.Size([512])
2023-12-03_17-33-20: conv5_x.1.sequence.1.bias: torch.Size([512])
2023-12-03_17-33-20: conv5_x.1.sequence.3.weight: torch.Size([512, 512, 3, 3])
2023-12-03_17-33-20: conv5_x.1.sequence.4.weight: torch.Size([512])
2023-12-03_17-33-20: conv5_x.1.sequence.4.bias: torch.Size([512])
2023-12-03_17-33-20: conv5_x.2.sequence.0.weight: torch.Size([512, 512, 3, 3])
2023-12-03_17-33-20: conv5_x.2.sequence.1.weight: torch.Size([512])
2023-12-03_17-33-20: conv5_x.2.sequence.1.bias: torch.Size([512])
2023-12-03_17-33-20: conv5_x.2.sequence.3.weight: torch.Size([512, 512, 3, 3])
2023-12-03_17-33-20: conv5_x.2.sequence.4.weight: torch.Size([512])
2023-12-03_17-33-20: conv5_x.2.sequence.4.bias: torch.Size([512])
2023-12-03_17-33-20: conv5_x.3.sequence.0.weight: torch.Size([512, 512, 3, 3])
2023-12-03_17-33-20: conv5_x.3.sequence.1.weight: torch.Size([512])
2023-12-03_17-33-20: conv5_x.3.sequence.1.bias: torch.Size([512])
2023-12-03_17-33-20: conv5_x.3.sequence.3.weight: torch.Size([512, 512, 3, 3])
2023-12-03_17-33-20: conv5_x.3.sequence.4.weight: torch.Size([512])
2023-12-03_17-33-20: conv5_x.3.sequence.4.bias: torch.Size([512])
2023-12-03_17-33-20: fc.weight: torch.Size([2, 512])
2023-12-03_17-33-20: fc.bias: torch.Size([2])
2023-12-03_17-33-20: 
Total parameters: 21,865,794;	Trainable: 21,865,794
2023-12-03_17-34-43: Epoch: 1 | Train loss: 0.43204024182380857 | Train acc: {'40X': 79.19, '100X': 80.08, '200X': 82.6, '400X': 80.95, 'avg_acc': 80.7, 'all_acc': 80.7} | Valid loss: 0.3266607058048248 | Valid acc: {'40X': 84.96, '100X': 84.89, '200X': 89.55, '400X': 85.44, 'avg_acc': 86.21, 'all_acc': 86.22}| Runtime: 1.4 mins
2023-12-03_17-36-08: Epoch: 2 | Train loss: 0.3626961891312857 | Train acc: {'40X': 81.84, '100X': 82.01, '200X': 85.82, '400X': 85.96, 'avg_acc': 83.91, 'all_acc': 83.85} | Valid loss: 0.3045570683479309 | Valid acc: {'40X': 82.71, '100X': 85.61, '200X': 89.55, '400X': 87.64, 'avg_acc': 86.38, 'all_acc': 86.35}| Runtime: 1.4 mins
2023-12-03_17-37-31: Epoch: 3 | Train loss: 0.33544784834658775 | Train acc: {'40X': 83.36, '100X': 84.75, '200X': 87.47, '400X': 86.23, 'avg_acc': 85.45, 'all_acc': 85.43} | Valid loss: 0.30332936376333236 | Valid acc: {'40X': 87.47, '100X': 88.25, '200X': 86.82, '400X': 86.54, 'avg_acc': 87.27, 'all_acc': 87.29}| Runtime: 1.4 mins
2023-12-03_17-38-55: Epoch: 4 | Train loss: 0.30149358093134454 | Train acc: {'40X': 84.03, '100X': 86.82, '200X': 89.64, '400X': 86.97, 'avg_acc': 86.86, 'all_acc': 86.87} | Valid loss: 0.29160514667630194 | Valid acc: {'40X': 87.47, '100X': 89.45, '200X': 88.31, '400X': 84.34, 'avg_acc': 87.39, 'all_acc': 87.48}| Runtime: 1.4 mins
2023-12-03_17-40-19: Epoch: 5 | Train loss: 0.28486268720715435 | Train acc: {'40X': 86.71, '100X': 86.69, '200X': 89.61, '400X': 87.61, 'avg_acc': 87.66, 'all_acc': 87.65} | Valid loss: 0.2299872824549675 | Valid acc: {'40X': 87.47, '100X': 91.61, '200X': 89.55, '400X': 89.84, 'avg_acc': 89.62, 'all_acc': 89.63}| Runtime: 1.4 mins
2023-12-03_17-41-44: Epoch: 6 | Train loss: 0.27334171463106127 | Train acc: {'40X': 86.86, '100X': 87.79, '200X': 90.64, '400X': 89.07, 'avg_acc': 88.59, 'all_acc': 88.58} | Valid loss: 0.25349105685949325 | Valid acc: {'40X': 88.22, '100X': 90.17, '200X': 91.04, '400X': 92.03, 'avg_acc': 90.36, 'all_acc': 90.33}| Runtime: 1.4 mins
2023-12-03_17-43-08: Epoch: 7 | Train loss: 0.23596479844402624 | Train acc: {'40X': 89.29, '100X': 89.58, '200X': 92.1, '400X': 90.09, 'avg_acc': 90.27, 'all_acc': 90.27} | Valid loss: 0.3514593453705311 | Valid acc: {'40X': 81.95, '100X': 81.77, '200X': 90.05, '400X': 90.66, 'avg_acc': 86.11, 'all_acc': 85.97}| Runtime: 1.4 mins
2023-12-03_17-44-32: Epoch: 8 | Train loss: 0.229477569637065 | Train acc: {'40X': 88.77, '100X': 89.89, '200X': 91.29, '400X': 90.48, 'avg_acc': 90.11, 'all_acc': 90.1} | Valid loss: 0.31585509873926637 | Valid acc: {'40X': 85.96, '100X': 89.21, '200X': 89.8, '400X': 87.09, 'avg_acc': 88.01, 'all_acc': 88.05}| Runtime: 1.4 mins
2023-12-03_17-45-55: Epoch: 9 | Train loss: 0.2199717580869391 | Train acc: {'40X': 90.04, '100X': 89.89, '200X': 93.28, '400X': 89.82, 'avg_acc': 90.76, 'all_acc': 90.77} | Valid loss: 0.27900256991386413 | Valid acc: {'40X': 88.72, '100X': 90.89, '200X': 91.79, '400X': 88.74, 'avg_acc': 90.04, 'all_acc': 90.08}| Runtime: 1.4 mins
2023-12-03_17-47-20: Epoch: 10 | Train loss: 0.2137579568535895 | Train acc: {'40X': 91.36, '100X': 90.37, '200X': 91.63, '400X': 91.29, 'avg_acc': 91.16, 'all_acc': 91.15} | Valid loss: 0.18391103014349938 | Valid acc: {'40X': 93.23, '100X': 94.48, '200X': 95.52, '400X': 89.84, 'avg_acc': 93.27, 'all_acc': 93.36}| Runtime: 1.4 mins
2023-12-03_17-48-44: Epoch: 11 | Train loss: 0.21336608450557734 | Train acc: {'40X': 91.3, '100X': 90.45, '200X': 93.11, '400X': 90.64, 'avg_acc': 91.38, 'all_acc': 91.39} | Valid loss: 0.17460805743932725 | Valid acc: {'40X': 92.98, '100X': 94.72, '200X': 95.52, '400X': 91.48, 'avg_acc': 93.68, 'all_acc': 93.74}| Runtime: 1.4 mins
2023-12-03_17-50-08: Epoch: 12 | Train loss: 0.18116891136191585 | Train acc: {'40X': 92.36, '100X': 92.94, '200X': 93.95, '400X': 91.48, 'avg_acc': 92.68, 'all_acc': 92.72} | Valid loss: 0.28657215625047683 | Valid acc: {'40X': 93.23, '100X': 91.85, '200X': 91.04, '400X': 82.42, 'avg_acc': 89.64, 'all_acc': 89.82}| Runtime: 1.4 mins
2023-12-03_17-51-31: Epoch: 13 | Train loss: 0.1660002723487245 | Train acc: {'40X': 93.47, '100X': 93.97, '200X': 94.37, '400X': 93.58, 'avg_acc': 93.85, 'all_acc': 93.86} | Valid loss: 0.33682865254580974 | Valid acc: {'40X': 92.48, '100X': 93.29, '200X': 92.54, '400X': 90.11, 'avg_acc': 92.1, 'all_acc': 92.16}| Runtime: 1.4 mins
2023-12-03_17-52-54: Epoch: 14 | Train loss: 0.17324104215446356 | Train acc: {'40X': 92.89, '100X': 92.78, '200X': 93.69, '400X': 92.29, 'avg_acc': 92.91, 'all_acc': 92.93} | Valid loss: 0.2073574375361204 | Valid acc: {'40X': 92.48, '100X': 93.29, '200X': 93.28, '400X': 90.66, 'avg_acc': 92.43, 'all_acc': 92.48}| Runtime: 1.4 mins
2023-12-03_17-54-19: Epoch: 15 | Train loss: 0.17344321856728276 | Train acc: {'40X': 93.05, '100X': 92.44, '200X': 94.69, '400X': 92.67, 'avg_acc': 93.21, 'all_acc': 93.22} | Valid loss: 0.21107534978538753 | Valid acc: {'40X': 93.73, '100X': 93.53, '200X': 93.03, '400X': 87.91, 'avg_acc': 92.05, 'all_acc': 92.16}| Runtime: 1.4 mins
2023-12-03_17-55-43: Epoch: 16 | Train loss: 0.1499003947309747 | Train acc: {'40X': 94.15, '100X': 94.07, '200X': 94.1, '400X': 94.21, 'avg_acc': 94.13, 'all_acc': 94.13} | Valid loss: 0.18424214616417886 | Valid acc: {'40X': 92.73, '100X': 93.76, '200X': 93.28, '400X': 90.93, 'avg_acc': 92.68, 'all_acc': 92.73}| Runtime: 1.4 mins
2023-12-03_17-57-07: Epoch: 17 | Train loss: 0.1413739672736139 | Train acc: {'40X': 94.15, '100X': 94.22, '200X': 95.35, '400X': 92.29, 'avg_acc': 94.0, 'all_acc': 94.05} | Valid loss: 0.18290047142654658 | Valid acc: {'40X': 94.49, '100X': 95.68, '200X': 95.52, '400X': 91.76, 'avg_acc': 94.36, 'all_acc': 94.44}| Runtime: 1.4 mins
2023-12-03_17-58-31: Epoch: 18 | Train loss: 0.1352490067947656 | Train acc: {'40X': 94.98, '100X': 95.5, '200X': 95.77, '400X': 93.39, 'avg_acc': 94.91, 'all_acc': 94.95} | Valid loss: 0.21057325027883053 | Valid acc: {'40X': 92.48, '100X': 95.2, '200X': 94.03, '400X': 92.31, 'avg_acc': 93.51, 'all_acc': 93.55}| Runtime: 1.4 mins
2023-12-03_17-59-54: Epoch: 19 | Train loss: 0.1383264517424175 | Train acc: {'40X': 95.56, '100X': 93.43, '200X': 94.76, '400X': 94.96, 'avg_acc': 94.68, 'all_acc': 94.66} | Valid loss: 0.14592006519436837 | Valid acc: {'40X': 95.24, '100X': 96.88, '200X': 93.28, '400X': 91.48, 'avg_acc': 94.22, 'all_acc': 94.31}| Runtime: 1.4 mins
2023-12-03_18-01-17: Epoch: 20 | Train loss: 0.12347381687219683 | Train acc: {'40X': 95.73, '100X': 95.1, '200X': 95.44, '400X': 94.78, 'avg_acc': 95.26, 'all_acc': 95.27} | Valid loss: 0.2243013047426939 | Valid acc: {'40X': 91.23, '100X': 94.0, '200X': 92.54, '400X': 91.48, 'avg_acc': 92.31, 'all_acc': 92.35}| Runtime: 1.4 mins
2023-12-03_18-02-43: Epoch: 21 | Train loss: 0.13623076399184159 | Train acc: {'40X': 94.9, '100X': 94.05, '200X': 95.36, '400X': 93.68, 'avg_acc': 94.5, 'all_acc': 94.51} | Valid loss: 0.13723737809807063 | Valid acc: {'40X': 94.49, '100X': 96.88, '200X': 97.01, '400X': 91.76, 'avg_acc': 95.04, 'all_acc': 95.13}| Runtime: 1.4 mins
2023-12-03_18-04-06: Epoch: 22 | Train loss: 0.1169663688318955 | Train acc: {'40X': 95.82, '100X': 95.75, '200X': 97.1, '400X': 94.21, 'avg_acc': 95.72, 'all_acc': 95.76} | Valid loss: 0.16343508385121822 | Valid acc: {'40X': 93.48, '100X': 94.24, '200X': 93.03, '400X': 90.38, 'avg_acc': 92.78, 'all_acc': 92.86}| Runtime: 1.4 mins
2023-12-03_18-05-30: Epoch: 23 | Train loss: 0.10503099376423838 | Train acc: {'40X': 97.32, '100X': 95.75, '200X': 96.52, '400X': 95.04, 'avg_acc': 96.16, 'all_acc': 96.18} | Valid loss: 0.3263702946901321 | Valid acc: {'40X': 90.48, '100X': 86.81, '200X': 85.57, '400X': 85.99, 'avg_acc': 87.21, 'all_acc': 87.23}| Runtime: 1.4 mins
2023-12-03_18-06-54: Epoch: 24 | Train loss: 0.09228463059706563 | Train acc: {'40X': 97.15, '100X': 95.91, '200X': 97.34, '400X': 96.43, 'avg_acc': 96.71, 'all_acc': 96.71} | Valid loss: 0.19030570795759558 | Valid acc: {'40X': 93.48, '100X': 94.0, '200X': 92.79, '400X': 92.31, 'avg_acc': 93.15, 'all_acc': 93.17}| Runtime: 1.4 mins
2023-12-03_18-08-17: Epoch: 25 | Train loss: 0.09488314913736808 | Train acc: {'40X': 97.33, '100X': 96.22, '200X': 96.93, '400X': 96.15, 'avg_acc': 96.66, 'all_acc': 96.66} | Valid loss: 0.1607097778748721 | Valid acc: {'40X': 94.24, '100X': 94.72, '200X': 95.52, '400X': 93.13, 'avg_acc': 94.4, 'all_acc': 94.44}| Runtime: 1.4 mins
2023-12-03_18-09-41: Epoch: 26 | Train loss: 0.11006795082593689 | Train acc: {'40X': 96.24, '100X': 95.98, '200X': 96.51, '400X': 94.96, 'avg_acc': 95.92, 'all_acc': 95.95} | Valid loss: 0.16836949868360535 | Valid acc: {'40X': 94.99, '100X': 96.64, '200X': 94.03, '400X': 90.66, 'avg_acc': 94.08, 'all_acc': 94.18}| Runtime: 1.4 mins
2023-12-03_18-11-06: Epoch: 27 | Train loss: 0.07025188168926114 | Train acc: {'40X': 98.07, '100X': 97.59, '200X': 97.52, '400X': 96.69, 'avg_acc': 97.47, 'all_acc': 97.49} | Valid loss: 0.19284052055329085 | Valid acc: {'40X': 92.98, '100X': 94.72, '200X': 94.53, '400X': 91.76, 'avg_acc': 93.5, 'all_acc': 93.55}| Runtime: 1.4 mins
2023-12-03_18-12-30: Epoch: 28 | Train loss: 0.0687369655100377 | Train acc: {'40X': 97.57, '100X': 97.59, '200X': 97.67, '400X': 97.16, 'avg_acc': 97.5, 'all_acc': 97.51} | Valid loss: 0.11985577791929244 | Valid acc: {'40X': 93.48, '100X': 96.4, '200X': 95.77, '400X': 94.78, 'avg_acc': 95.11, 'all_acc': 95.13}| Runtime: 1.4 mins
2023-12-03_18-13-54: Epoch: 29 | Train loss: 0.06484595860190992 | Train acc: {'40X': 98.08, '100X': 97.76, '200X': 97.76, '400X': 97.24, 'avg_acc': 97.71, 'all_acc': 97.72} | Valid loss: 0.1473795301094651 | Valid acc: {'40X': 95.74, '100X': 94.96, '200X': 95.52, '400X': 92.03, 'avg_acc': 94.56, 'all_acc': 94.63}| Runtime: 1.4 mins
2023-12-03_18-15-17: Epoch: 30 | Train loss: 0.058594301726033506 | Train acc: {'40X': 97.99, '100X': 97.51, '200X': 98.17, '400X': 97.61, 'avg_acc': 97.82, 'all_acc': 97.83} | Valid loss: 0.1428733086399734 | Valid acc: {'40X': 93.48, '100X': 97.12, '200X': 96.02, '400X': 92.86, 'avg_acc': 94.87, 'all_acc': 94.94}| Runtime: 1.4 mins
2023-12-03_18-15-17: Train summary:     epoch    40X   100X   200X   400X  avg_acc  all_acc
0       1  79.19  80.08  82.60  80.95    80.70    80.70
1       2  81.84  82.01  85.82  85.96    83.91    83.85
2       3  83.36  84.75  87.47  86.23    85.45    85.43
3       4  84.03  86.82  89.64  86.97    86.86    86.87
4       5  86.71  86.69  89.61  87.61    87.66    87.65
5       6  86.86  87.79  90.64  89.07    88.59    88.58
6       7  89.29  89.58  92.10  90.09    90.27    90.27
7       8  88.77  89.89  91.29  90.48    90.11    90.10
8       9  90.04  89.89  93.28  89.82    90.76    90.77
9      10  91.36  90.37  91.63  91.29    91.16    91.15
10     11  91.30  90.45  93.11  90.64    91.38    91.39
11     12  92.36  92.94  93.95  91.48    92.68    92.72
12     13  93.47  93.97  94.37  93.58    93.85    93.86
13     14  92.89  92.78  93.69  92.29    92.91    92.93
14     15  93.05  92.44  94.69  92.67    93.21    93.22
15     16  94.15  94.07  94.10  94.21    94.13    94.13
16     17  94.15  94.22  95.35  92.29    94.00    94.05
17     18  94.98  95.50  95.77  93.39    94.91    94.95
18     19  95.56  93.43  94.76  94.96    94.68    94.66
19     20  95.73  95.10  95.44  94.78    95.26    95.27
20     21  94.90  94.05  95.36  93.68    94.50    94.51
21     22  95.82  95.75  97.10  94.21    95.72    95.76
22     23  97.32  95.75  96.52  95.04    96.16    96.18
23     24  97.15  95.91  97.34  96.43    96.71    96.71
24     25  97.33  96.22  96.93  96.15    96.66    96.66
25     26  96.24  95.98  96.51  94.96    95.92    95.95
26     27  98.07  97.59  97.52  96.69    97.47    97.49
27     28  97.57  97.59  97.67  97.16    97.50    97.51
28     29  98.08  97.76  97.76  97.24    97.71    97.72
29     30  97.99  97.51  98.17  97.61    97.82    97.83
2023-12-03_18-15-17: Eval summary:     epoch    40X   100X   200X   400X  avg_acc  all_acc
0       1  84.96  84.89  89.55  85.44    86.21    86.22
1       2  82.71  85.61  89.55  87.64    86.38    86.35
2       3  87.47  88.25  86.82  86.54    87.27    87.29
3       4  87.47  89.45  88.31  84.34    87.39    87.48
4       5  87.47  91.61  89.55  89.84    89.62    89.63
5       6  88.22  90.17  91.04  92.03    90.36    90.33
6       7  81.95  81.77  90.05  90.66    86.11    85.97
7       8  85.96  89.21  89.80  87.09    88.01    88.05
8       9  88.72  90.89  91.79  88.74    90.04    90.08
9      10  93.23  94.48  95.52  89.84    93.27    93.36
10     11  92.98  94.72  95.52  91.48    93.68    93.74
11     12  93.23  91.85  91.04  82.42    89.64    89.82
12     13  92.48  93.29  92.54  90.11    92.10    92.16
13     14  92.48  93.29  93.28  90.66    92.43    92.48
14     15  93.73  93.53  93.03  87.91    92.05    92.16
15     16  92.73  93.76  93.28  90.93    92.68    92.73
16     17  94.49  95.68  95.52  91.76    94.36    94.44
17     18  92.48  95.20  94.03  92.31    93.51    93.55
18     19  95.24  96.88  93.28  91.48    94.22    94.31
19     20  91.23  94.00  92.54  91.48    92.31    92.35
20     21  94.49  96.88  97.01  91.76    95.04    95.13
21     22  93.48  94.24  93.03  90.38    92.78    92.86
22     23  90.48  86.81  85.57  85.99    87.21    87.23
23     24  93.48  94.00  92.79  92.31    93.15    93.17
24     25  94.24  94.72  95.52  93.13    94.40    94.44
25     26  94.99  96.64  94.03  90.66    94.08    94.18
26     27  92.98  94.72  94.53  91.76    93.50    93.55
27     28  93.48  96.40  95.77  94.78    95.11    95.13
28     29  95.74  94.96  95.52  92.03    94.56    94.63
29     30  93.48  97.12  96.02  92.86    94.87    94.94
2023-12-03_18-15-17: Final test accuracy: {'40X': 92.23, '100X': 94.23, '200X': 97.27, '400X': 93.96, 'avg_acc': 94.42, 'all_acc': 94.44}
